[WP STAGING Shutdown Function][E_NOTICE][2023-09-15 07:59:03] iconv(): Detected an illegal character in input string - File: /var/www/html/wp-content/plugins/wp-staging/vendor_wpstg/symfony/polyfill-mbstring/Mbstring.php Line: 337 | Is it Fatal Error? No | Is it Thrown by WP STAGING? Yes
[WP STAGING Shutdown Function][E_NOTICE][2023-09-15 08:13:58] iconv(): Detected an illegal character in input string - File: /var/www/html/wp-content/plugins/wp-staging/vendor_wpstg/symfony/polyfill-mbstring/Mbstring.php Line: 337 | Is it Fatal Error? No | Is it Thrown by WP STAGING? Yes
[WP STAGING Shutdown Function][E_NOTICE][2023-09-15 12:09:19] iconv(): Detected an illegal character in input string - File: /var/www/html/wp-content/plugins/wp-staging/vendor_wpstg/symfony/polyfill-mbstring/Mbstring.php Line: 337 | Is it Fatal Error? No | Is it Thrown by WP STAGING? Yes
[WP STAGING Shutdown Function][E_NOTICE][2023-09-15 16:36:07] iconv(): Detected an illegal character in input string - File: /var/www/html/wp-content/plugins/wp-staging/vendor_wpstg/symfony/polyfill-mbstring/Mbstring.php Line: 337 | Is it Fatal Error? No | Is it Thrown by WP STAGING? Yes
[WP STAGING Shutdown Function][E_NOTICE][2023-09-15 17:05:28] iconv(): Detected an illegal character in input string - File: /var/www/html/wp-content/plugins/wp-staging/vendor_wpstg/symfony/polyfill-mbstring/Mbstring.php Line: 337 | Is it Fatal Error? No | Is it Thrown by WP STAGING? Yes
[WP STAGING Shutdown Function][E_NOTICE][2023-09-15 17:30:22] iconv(): Detected an illegal character in input string - File: /var/www/html/wp-content/plugins/wp-staging/vendor_wpstg/symfony/polyfill-mbstring/Mbstring.php Line: 337 | Is it Fatal Error? No | Is it Thrown by WP STAGING? Yes
[WP STAGING Shutdown Function][E_ERROR][2023-09-15 20:01:30] Uncaught Error: Class 'Elementor\Scheme_Color' not found in /var/www/html/wp-content/plugins/elementkit/widgets/blog-posts/blog-posts.php:1342
Stack trace:
#0 /var/www/html/wp-content/plugins/elementor/includes/base/controls-stack.php(2327): Elementor\Elementskit_Widget_Blog_Posts->_register_controls()
#1 /var/www/html/wp-content/plugins/elementor/includes/base/controls-stack.php(496): Elementor\Controls_Stack->init_controls()
#2 /var/www/html/wp-content/plugins/elementor/includes/base/widget-base.php(177): Elementor\Controls_Stack->get_stack()
#3 /var/www/html/wp-content/plugins/elementor/includes/base/controls-stack.php(300): Elementor\Widget_Base->get_stack()
#4 /var/www/html/wp-content/plugins/elementor/core/files/css/global-css.php(120): Elementor\Controls_Stack->get_controls()
#5 /var/www/html/wp-content/plugins/elementor/core/files/css/global-css.php(66): Elementor\Core\Files\CSS\Global_CSS->render_schemes_and_globals_css()
#6 /var/www/html/wp-content/plugins/elementor/core/files/css/base.php(659): Ele - File: /var/www/html/wp-content/plugins/elementkit/widgets/blog-posts/blog-posts.php Line: 1342 | Is it Fatal Error? Yes | Is it Thrown by WP STAGING? No
[WP STAGING Shutdown Function][E_ERROR][2023-09-15 20:30:22] Uncaught Error: Class 'Elementor\Scheme_Color' not found in /var/www/html/wp-content/plugins/elementkit/widgets/blog-posts/blog-posts.php:1342
Stack trace:
#0 /var/www/html/wp-content/plugins/elementor/includes/base/controls-stack.php(2327): Elementor\Elementskit_Widget_Blog_Posts->_register_controls()
#1 /var/www/html/wp-content/plugins/elementor/includes/base/controls-stack.php(496): Elementor\Controls_Stack->init_controls()
#2 /var/www/html/wp-content/plugins/elementor/includes/base/widget-base.php(177): Elementor\Controls_Stack->get_stack()
#3 /var/www/html/wp-content/plugins/elementor/includes/base/controls-stack.php(300): Elementor\Widget_Base->get_stack()
#4 /var/www/html/wp-content/plugins/elementor/core/files/css/global-css.php(120): Elementor\Controls_Stack->get_controls()
#5 /var/www/html/wp-content/plugins/elementor/core/files/css/global-css.php(66): Elementor\Core\Files\CSS\Global_CSS->render_schemes_and_globals_css()
#6 /var/www/html/wp-content/plugins/elementor/core/files/css/base.php(659): Ele - File: /var/www/html/wp-content/plugins/elementkit/widgets/blog-posts/blog-posts.php Line: 1342 | Is it Fatal Error? Yes | Is it Thrown by WP STAGING? No
[WP STAGING Shutdown Function][E_NOTICE][2023-09-15 23:53:19] iconv(): Detected an illegal character in input string - File: /var/www/html/wp-content/plugins/wp-staging/vendor_wpstg/symfony/polyfill-mbstring/Mbstring.php Line: 337 | Is it Fatal Error? No | Is it Thrown by WP STAGING? Yes
[WP STAGING Shutdown Function][E_NOTICE][2023-09-15 23:55:33] iconv(): Detected an illegal character in input string - File: /var/www/html/wp-content/plugins/wp-staging/vendor_wpstg/symfony/polyfill-mbstring/Mbstring.php Line: 337 | Is it Fatal Error? No | Is it Thrown by WP STAGING? Yes
[WP STAGING Shutdown Function][E_NOTICE][2023-09-15 23:55:33] iconv(): Detected an illegal character in input string - File: /var/www/html/wp-content/plugins/wp-staging/vendor_wpstg/symfony/polyfill-mbstring/Mbstring.php Line: 337 | Is it Fatal Error? No | Is it Thrown by WP STAGING? Yes
[WP STAGING Shutdown Function][E_NOTICE][2023-09-15 23:55:33] iconv(): Detected an illegal character in input string - File: /var/www/html/wp-content/plugins/wp-staging/vendor_wpstg/symfony/polyfill-mbstring/Mbstring.php Line: 337 | Is it Fatal Error? No | Is it Thrown by WP STAGING? Yes
[WP STAGING Shutdown Function][E_NOTICE][2023-09-15 23:55:33] iconv(): Detected an illegal character in input string - File: /var/www/html/wp-content/plugins/wp-staging/vendor_wpstg/symfony/polyfill-mbstring/Mbstring.php Line: 337 | Is it Fatal Error? No | Is it Thrown by WP STAGING? Yes
[WP STAGING Shutdown Function][E_NOTICE][2023-09-16 00:17:40] iconv(): Detected an illegal character in input string - File: /var/www/html/wp-content/plugins/wp-staging/vendor_wpstg/symfony/polyfill-mbstring/Mbstring.php Line: 337 | Is it Fatal Error? No | Is it Thrown by WP STAGING? Yes
[WP STAGING Shutdown Function][E_NOTICE][2023-09-16 00:57:27] iconv(): Detected an illegal character in input string - File: /var/www/html/wp-content/plugins/wp-staging/vendor_wpstg/symfony/polyfill-mbstring/Mbstring.php Line: 337 | Is it Fatal Error? No | Is it Thrown by WP STAGING? Yes
[WP STAGING Shutdown Function][E_NOTICE][2023-09-16 02:13:22] iconv(): Detected an illegal character in input string - File: /var/www/html/wp-content/plugins/wp-staging/vendor_wpstg/symfony/polyfill-mbstring/Mbstring.php Line: 337 | Is it Fatal Error? No | Is it Thrown by WP STAGING? Yes
[WP STAGING Shutdown Function][E_NOTICE][2023-09-16 02:25:59] iconv(): Detected an illegal character in input string - File: /var/www/html/wp-content/plugins/wp-staging/vendor_wpstg/symfony/polyfill-mbstring/Mbstring.php Line: 337 | Is it Fatal Error? No | Is it Thrown by WP STAGING? Yes
[WP STAGING Shutdown Function][E_NOTICE][2023-09-16 02:25:59] iconv(): Detected an illegal character in input string - File: /var/www/html/wp-content/plugins/wp-staging/vendor_wpstg/symfony/polyfill-mbstring/Mbstring.php Line: 337 | Is it Fatal Error? No | Is it Thrown by WP STAGING? Yes
[WP STAGING Shutdown Function][E_NOTICE][2023-09-16 02:26:00] iconv(): Detected an illegal character in input string - File: /var/www/html/wp-content/plugins/wp-staging/vendor_wpstg/symfony/polyfill-mbstring/Mbstring.php Line: 337 | Is it Fatal Error? No | Is it Thrown by WP STAGING? Yes
[WP STAGING Shutdown Function][E_NOTICE][2023-09-16 02:30:21] iconv(): Detected an illegal character in input string - File: /var/www/html/wp-content/plugins/wp-staging/vendor_wpstg/symfony/polyfill-mbstring/Mbstring.php Line: 337 | Is it Fatal Error? No | Is it Thrown by WP STAGING? Yes
[WP STAGING Shutdown Function][E_NOTICE][2023-09-16 02:30:21] iconv(): Detected an illegal character in input string - File: /var/www/html/wp-content/plugins/wp-staging/vendor_wpstg/symfony/polyfill-mbstring/Mbstring.php Line: 337 | Is it Fatal Error? No | Is it Thrown by WP STAGING? Yes
[WP STAGING Shutdown Function][E_NOTICE][2023-09-16 04:21:43] iconv(): Detected an illegal character in input string - File: /var/www/html/wp-content/plugins/wp-staging/vendor_wpstg/symfony/polyfill-mbstring/Mbstring.php Line: 337 | Is it Fatal Error? No | Is it Thrown by WP STAGING? Yes
[WP STAGING Shutdown Function][E_NOTICE][2023-09-16 04:25:34] iconv(): Detected an illegal character in input string - File: /var/www/html/wp-content/plugins/wp-staging/vendor_wpstg/symfony/polyfill-mbstring/Mbstring.php Line: 337 | Is it Fatal Error? No | Is it Thrown by WP STAGING? Yes
[WP STAGING Shutdown Function][E_NOTICE][2023-09-16 04:31:29] iconv(): Detected an illegal character in input string - File: /var/www/html/wp-content/plugins/wp-staging/vendor_wpstg/symfony/polyfill-mbstring/Mbstring.php Line: 337 | Is it Fatal Error? No | Is it Thrown by WP STAGING? Yes
[WP STAGING Shutdown Function][E_NOTICE][2023-09-16 07:12:12] iconv(): Detected an illegal character in input string - File: /var/www/html/wp-content/plugins/wp-staging/vendor_wpstg/symfony/polyfill-mbstring/Mbstring.php Line: 337 | Is it Fatal Error? No | Is it Thrown by WP STAGING? Yes
[WP STAGING Shutdown Function][E_NOTICE][2023-09-16 07:13:11] iconv(): Detected an illegal character in input string - File: /var/www/html/wp-content/plugins/wp-staging/vendor_wpstg/symfony/polyfill-mbstring/Mbstring.php Line: 337 | Is it Fatal Error? No | Is it Thrown by WP STAGING? Yes
[WP STAGING Shutdown Function][E_NOTICE][2023-09-16 07:22:13] iconv(): Detected an illegal character in input string - File: /var/www/html/wp-content/plugins/wp-staging/vendor_wpstg/symfony/polyfill-mbstring/Mbstring.php Line: 337 | Is it Fatal Error? No | Is it Thrown by WP STAGING? Yes
